c:\users\asus1\desktop\veryfinal\cmp102_porj_code_spring2020-master\restaurant\debug\cancellation_event.obj
c:\users\asus1\desktop\veryfinal\cmp102_porj_code_spring2020-master\restaurant\debug\cmugraphics.obj
c:\users\asus1\desktop\veryfinal\cmp102_porj_code_spring2020-master\restaurant\debug\colors.obj
c:\users\asus1\desktop\veryfinal\cmp102_porj_code_spring2020-master\restaurant\debug\image.obj
c:\users\asus1\desktop\veryfinal\cmp102_porj_code_spring2020-master\restaurant\debug\keyqueue.obj
c:\users\asus1\desktop\veryfinal\cmp102_porj_code_spring2020-master\restaurant\debug\mousequeue.obj
c:\users\asus1\desktop\veryfinal\cmp102_porj_code_spring2020-master\restaurant\debug\windowinput.obj
c:\users\asus1\desktop\veryfinal\cmp102_porj_code_spring2020-master\restaurant\debug\demo_main.obj
c:\users\asus1\desktop\veryfinal\cmp102_porj_code_spring2020-master\restaurant\debug\event.obj
c:\users\asus1\desktop\veryfinal\cmp102_porj_code_spring2020-master\restaurant\debug\arrivalevent.obj
c:\users\asus1\desktop\veryfinal\cmp102_porj_code_spring2020-master\restaurant\debug\gui.obj
c:\users\asus1\desktop\veryfinal\cmp102_porj_code_spring2020-master\restaurant\debug\promotionevent.obj
c:\users\asus1\desktop\veryfinal\cmp102_porj_code_spring2020-master\restaurant\debug\cook.obj
c:\users\asus1\desktop\veryfinal\cmp102_porj_code_spring2020-master\restaurant\debug\order.obj
c:\users\asus1\desktop\veryfinal\cmp102_porj_code_spring2020-master\restaurant\debug\restaurant.obj
c:\users\asus1\desktop\veryfinal\cmp102_porj_code_spring2020-master\restaurant\debug\vc110.pdb
c:\users\asus1\desktop\veryfinal\cmp102_porj_code_spring2020-master\restaurant\debug\jdhuff.obj
c:\users\asus1\desktop\veryfinal\cmp102_porj_code_spring2020-master\restaurant\debug\jdinput.obj
c:\users\asus1\desktop\veryfinal\cmp102_porj_code_spring2020-master\restaurant\debug\jdmainct.obj
c:\users\asus1\desktop\veryfinal\cmp102_porj_code_spring2020-master\restaurant\debug\jdmarker.obj
c:\users\asus1\desktop\veryfinal\cmp102_porj_code_spring2020-master\restaurant\debug\jdmaster.obj
c:\users\asus1\desktop\veryfinal\cmp102_porj_code_spring2020-master\restaurant\debug\jdmerge.obj
c:\users\asus1\desktop\veryfinal\cmp102_porj_code_spring2020-master\restaurant\debug\jdphuff.obj
c:\users\asus1\desktop\veryfinal\cmp102_porj_code_spring2020-master\restaurant\debug\jdpostct.obj
c:\users\asus1\desktop\veryfinal\cmp102_porj_code_spring2020-master\restaurant\debug\jdsample.obj
c:\users\asus1\desktop\veryfinal\cmp102_porj_code_spring2020-master\restaurant\debug\jdtrans.obj
c:\users\asus1\desktop\veryfinal\cmp102_porj_code_spring2020-master\restaurant\debug\jerror.obj
c:\users\asus1\desktop\veryfinal\cmp102_porj_code_spring2020-master\restaurant\debug\jidctflt.obj
c:\users\asus1\desktop\veryfinal\cmp102_porj_code_spring2020-master\restaurant\debug\jidctfst.obj
c:\users\asus1\desktop\veryfinal\cmp102_porj_code_spring2020-master\restaurant\debug\jidctint.obj
c:\users\asus1\desktop\veryfinal\cmp102_porj_code_spring2020-master\restaurant\debug\jidctred.obj
c:\users\asus1\desktop\veryfinal\cmp102_porj_code_spring2020-master\restaurant\debug\jmemmgr.obj
c:\users\asus1\desktop\veryfinal\cmp102_porj_code_spring2020-master\restaurant\debug\jmemnobs.obj
c:\users\asus1\desktop\veryfinal\cmp102_porj_code_spring2020-master\restaurant\debug\jquant1.obj
c:\users\asus1\desktop\veryfinal\cmp102_porj_code_spring2020-master\restaurant\debug\jquant2.obj
c:\users\asus1\desktop\veryfinal\cmp102_porj_code_spring2020-master\restaurant\debug\jutils.obj
c:\users\asus1\desktop\veryfinal\cmp102_porj_code_spring2020-master\restaurant\debug\jpegload.obj
c:\users\asus1\desktop\veryfinal\cmp102_porj_code_spring2020-master\restaurant\debug\jcomapi.obj
c:\users\asus1\desktop\veryfinal\cmp102_porj_code_spring2020-master\restaurant\debug\jcparam.obj
c:\users\asus1\desktop\veryfinal\cmp102_porj_code_spring2020-master\restaurant\debug\jdapimin.obj
c:\users\asus1\desktop\veryfinal\cmp102_porj_code_spring2020-master\restaurant\debug\jdapistd.obj
c:\users\asus1\desktop\veryfinal\cmp102_porj_code_spring2020-master\restaurant\debug\jdatasrc.obj
c:\users\asus1\desktop\veryfinal\cmp102_porj_code_spring2020-master\restaurant\debug\jdcoefct.obj
c:\users\asus1\desktop\veryfinal\cmp102_porj_code_spring2020-master\restaurant\debug\jdcolor.obj
c:\users\asus1\desktop\veryfinal\cmp102_porj_code_spring2020-master\restaurant\debug\jddctmgr.obj
c:\users\hpp\documents\github\cmp102_porj_code_spring2020\restaurant\debug\cancellation_event.obj
c:\users\hpp\documents\github\cmp102_porj_code_spring2020\restaurant\debug\cmugraphics.obj
c:\users\hpp\documents\github\cmp102_porj_code_spring2020\restaurant\debug\colors.obj
c:\users\hpp\documents\github\cmp102_porj_code_spring2020\restaurant\debug\image.obj
c:\users\hpp\documents\github\cmp102_porj_code_spring2020\restaurant\debug\keyqueue.obj
c:\users\hpp\documents\github\cmp102_porj_code_spring2020\restaurant\debug\mousequeue.obj
c:\users\hpp\documents\github\cmp102_porj_code_spring2020\restaurant\debug\windowinput.obj
c:\users\hpp\documents\github\cmp102_porj_code_spring2020\restaurant\debug\demo_main.obj
c:\users\hpp\documents\github\cmp102_porj_code_spring2020\restaurant\debug\event.obj
c:\users\hpp\documents\github\cmp102_porj_code_spring2020\restaurant\debug\arrivalevent.obj
c:\users\hpp\documents\github\cmp102_porj_code_spring2020\restaurant\debug\gui.obj
c:\users\hpp\documents\github\cmp102_porj_code_spring2020\restaurant\debug\promotionevent.obj
c:\users\hpp\documents\github\cmp102_porj_code_spring2020\restaurant\debug\cook.obj
c:\users\hpp\documents\github\cmp102_porj_code_spring2020\restaurant\debug\order.obj
c:\users\hpp\documents\github\cmp102_porj_code_spring2020\restaurant\debug\vc100.pdb
c:\users\hpp\documents\github\cmp102_porj_code_spring2020\restaurant\debug\restaurant.obj
c:\users\hpp\documents\github\cmp102_porj_code_spring2020\restaurant\debug\jdhuff.obj
c:\users\hpp\documents\github\cmp102_porj_code_spring2020\restaurant\debug\jdinput.obj
c:\users\hpp\documents\github\cmp102_porj_code_spring2020\restaurant\debug\jdmainct.obj
c:\users\hpp\documents\github\cmp102_porj_code_spring2020\restaurant\debug\jdmarker.obj
c:\users\hpp\documents\github\cmp102_porj_code_spring2020\restaurant\debug\jdmaster.obj
c:\users\hpp\documents\github\cmp102_porj_code_spring2020\restaurant\debug\jdmerge.obj
c:\users\hpp\documents\github\cmp102_porj_code_spring2020\restaurant\debug\jdphuff.obj
c:\users\hpp\documents\github\cmp102_porj_code_spring2020\restaurant\debug\jdpostct.obj
c:\users\hpp\documents\github\cmp102_porj_code_spring2020\restaurant\debug\jdsample.obj
c:\users\hpp\documents\github\cmp102_porj_code_spring2020\restaurant\debug\jdtrans.obj
c:\users\hpp\documents\github\cmp102_porj_code_spring2020\restaurant\debug\jerror.obj
c:\users\hpp\documents\github\cmp102_porj_code_spring2020\restaurant\debug\jidctflt.obj
c:\users\hpp\documents\github\cmp102_porj_code_spring2020\restaurant\debug\jidctfst.obj
c:\users\hpp\documents\github\cmp102_porj_code_spring2020\restaurant\debug\jidctint.obj
c:\users\hpp\documents\github\cmp102_porj_code_spring2020\restaurant\debug\jidctred.obj
c:\users\hpp\documents\github\cmp102_porj_code_spring2020\restaurant\debug\jmemmgr.obj
c:\users\hpp\documents\github\cmp102_porj_code_spring2020\restaurant\debug\jmemnobs.obj
c:\users\hpp\documents\github\cmp102_porj_code_spring2020\restaurant\debug\jquant1.obj
c:\users\hpp\documents\github\cmp102_porj_code_spring2020\restaurant\debug\jquant2.obj
c:\users\hpp\documents\github\cmp102_porj_code_spring2020\restaurant\debug\jutils.obj
c:\users\hpp\documents\github\cmp102_porj_code_spring2020\restaurant\debug\jpegload.obj
c:\users\hpp\documents\github\cmp102_porj_code_spring2020\restaurant\debug\jcomapi.obj
c:\users\hpp\documents\github\cmp102_porj_code_spring2020\restaurant\debug\jcparam.obj
c:\users\hpp\documents\github\cmp102_porj_code_spring2020\restaurant\debug\jdapimin.obj
c:\users\hpp\documents\github\cmp102_porj_code_spring2020\restaurant\debug\jdapistd.obj
c:\users\hpp\documents\github\cmp102_porj_code_spring2020\restaurant\debug\jdatasrc.obj
c:\users\hpp\documents\github\cmp102_porj_code_spring2020\restaurant\debug\jdcoefct.obj
c:\users\hpp\documents\github\cmp102_porj_code_spring2020\restaurant\debug\jdcolor.obj
c:\users\hpp\documents\github\cmp102_porj_code_spring2020\restaurant\debug\jddctmgr.obj
c:\users\asus1\desktop\veryfinal\cmp102_porj_code_spring2020-master\debug\restaurant.ilk
c:\users\asus1\desktop\veryfinal\cmp102_porj_code_spring2020-master\debug\restaurant.exe
c:\users\asus1\desktop\veryfinal\cmp102_porj_code_spring2020-master\debug\restaurant.pdb
c:\users\hpp\documents\github\cmp102_porj_code_spring2020\restaurant\debug\restaurant.ilk
c:\users\hpp\documents\github\cmp102_porj_code_spring2020\restaurant\debug\restaurant.exe
c:\users\hpp\documents\github\cmp102_porj_code_spring2020\restaurant\debug\restaurant.exe.intermediate.manifest
c:\users\hpp\documents\github\cmp102_porj_code_spring2020\restaurant\debug\restaurant.pdb
c:\users\asus1\documents\github\cmp102_porj_code_spring2020\restaurant\debug\restaurant.exe.embed.manifest
c:\users\asus1\documents\github\cmp102_porj_code_spring2020\restaurant\debug\restaurant.exe.embed.manifest.res
c:\users\hpp\documents\github\cmp102_porj_code_spring2020\restaurant\debug\restaurant.exe.embed.manifest.res
c:\users\k\desktop\inshallah very finall data projecttttt\cmp102_porj_code_spring2020\restaurant\debug\vc142.pdb
c:\users\k\desktop\inshallah very finall data projecttttt\cmp102_porj_code_spring2020\restaurant\debug\vc142.idb
c:\users\k\desktop\inshallah very finall data projecttttt\cmp102_porj_code_spring2020\restaurant\debug\restaurant.obj
c:\users\k\desktop\inshallah very finall data projecttttt\cmp102_porj_code_spring2020\restaurant\debug\order.obj
c:\users\k\desktop\inshallah very finall data projecttttt\cmp102_porj_code_spring2020\restaurant\debug\cook.obj
c:\users\k\desktop\inshallah very finall data projecttttt\cmp102_porj_code_spring2020\restaurant\debug\promotionevent.obj
c:\users\k\desktop\inshallah very finall data projecttttt\cmp102_porj_code_spring2020\restaurant\debug\gui.obj
c:\users\k\desktop\inshallah very finall data projecttttt\cmp102_porj_code_spring2020\restaurant\debug\arrivalevent.obj
c:\users\k\desktop\inshallah very finall data projecttttt\cmp102_porj_code_spring2020\restaurant\debug\event.obj
c:\users\k\desktop\inshallah very finall data projecttttt\cmp102_porj_code_spring2020\restaurant\debug\demo_main.obj
c:\users\k\desktop\inshallah very finall data projecttttt\cmp102_porj_code_spring2020\restaurant\debug\windowinput.obj
c:\users\k\desktop\inshallah very finall data projecttttt\cmp102_porj_code_spring2020\restaurant\debug\mousequeue.obj
c:\users\k\desktop\inshallah very finall data projecttttt\cmp102_porj_code_spring2020\restaurant\debug\keyqueue.obj
c:\users\k\desktop\inshallah very finall data projecttttt\cmp102_porj_code_spring2020\restaurant\debug\image.obj
c:\users\k\desktop\inshallah very finall data projecttttt\cmp102_porj_code_spring2020\restaurant\debug\colors.obj
c:\users\k\desktop\inshallah very finall data projecttttt\cmp102_porj_code_spring2020\restaurant\debug\cmugraphics.obj
c:\users\k\desktop\inshallah very finall data projecttttt\cmp102_porj_code_spring2020\restaurant\debug\cancellation_event.obj
c:\users\k\desktop\inshallah very finall data projecttttt\cmp102_porj_code_spring2020\restaurant\debug\jerror.obj
c:\users\k\desktop\inshallah very finall data projecttttt\cmp102_porj_code_spring2020\restaurant\debug\jdtrans.obj
c:\users\k\desktop\inshallah very finall data projecttttt\cmp102_porj_code_spring2020\restaurant\debug\jdsample.obj
c:\users\k\desktop\inshallah very finall data projecttttt\cmp102_porj_code_spring2020\restaurant\debug\jdpostct.obj
c:\users\k\desktop\inshallah very finall data projecttttt\cmp102_porj_code_spring2020\restaurant\debug\jdphuff.obj
c:\users\k\desktop\inshallah very finall data projecttttt\cmp102_porj_code_spring2020\restaurant\debug\jdmerge.obj
c:\users\k\desktop\inshallah very finall data projecttttt\cmp102_porj_code_spring2020\restaurant\debug\jdmaster.obj
c:\users\k\desktop\inshallah very finall data projecttttt\cmp102_porj_code_spring2020\restaurant\debug\jdmarker.obj
c:\users\k\desktop\inshallah very finall data projecttttt\cmp102_porj_code_spring2020\restaurant\debug\jdmainct.obj
c:\users\k\desktop\inshallah very finall data projecttttt\cmp102_porj_code_spring2020\restaurant\debug\jdinput.obj
c:\users\k\desktop\inshallah very finall data projecttttt\cmp102_porj_code_spring2020\restaurant\debug\jdhuff.obj
c:\users\k\desktop\inshallah very finall data projecttttt\cmp102_porj_code_spring2020\restaurant\debug\jddctmgr.obj
c:\users\k\desktop\inshallah very finall data projecttttt\cmp102_porj_code_spring2020\restaurant\debug\jdcolor.obj
c:\users\k\desktop\inshallah very finall data projecttttt\cmp102_porj_code_spring2020\restaurant\debug\jdcoefct.obj
c:\users\k\desktop\inshallah very finall data projecttttt\cmp102_porj_code_spring2020\restaurant\debug\jdatasrc.obj
c:\users\k\desktop\inshallah very finall data projecttttt\cmp102_porj_code_spring2020\restaurant\debug\jdapistd.obj
c:\users\k\desktop\inshallah very finall data projecttttt\cmp102_porj_code_spring2020\restaurant\debug\jdapimin.obj
c:\users\k\desktop\inshallah very finall data projecttttt\cmp102_porj_code_spring2020\restaurant\debug\jcparam.obj
c:\users\k\desktop\inshallah very finall data projecttttt\cmp102_porj_code_spring2020\restaurant\debug\jcomapi.obj
c:\users\k\desktop\inshallah very finall data projecttttt\cmp102_porj_code_spring2020\restaurant\debug\jpegload.obj
c:\users\k\desktop\inshallah very finall data projecttttt\cmp102_porj_code_spring2020\restaurant\debug\jutils.obj
c:\users\k\desktop\inshallah very finall data projecttttt\cmp102_porj_code_spring2020\restaurant\debug\jquant2.obj
c:\users\k\desktop\inshallah very finall data projecttttt\cmp102_porj_code_spring2020\restaurant\debug\jquant1.obj
c:\users\k\desktop\inshallah very finall data projecttttt\cmp102_porj_code_spring2020\restaurant\debug\jmemnobs.obj
c:\users\k\desktop\inshallah very finall data projecttttt\cmp102_porj_code_spring2020\restaurant\debug\jmemmgr.obj
c:\users\k\desktop\inshallah very finall data projecttttt\cmp102_porj_code_spring2020\restaurant\debug\jidctred.obj
c:\users\k\desktop\inshallah very finall data projecttttt\cmp102_porj_code_spring2020\restaurant\debug\jidctint.obj
c:\users\k\desktop\inshallah very finall data projecttttt\cmp102_porj_code_spring2020\restaurant\debug\jidctfst.obj
c:\users\k\desktop\inshallah very finall data projecttttt\cmp102_porj_code_spring2020\restaurant\debug\jidctflt.obj
c:\users\k\documents\github\phase 2\cmp102_porj_code_spring2020\restaurant\debug\vc142.pdb
c:\users\k\documents\github\phase 2\cmp102_porj_code_spring2020\restaurant\debug\vc142.idb
c:\users\k\documents\github\phase 2\cmp102_porj_code_spring2020\restaurant\debug\restaurant.obj
c:\users\k\documents\github\phase 2\cmp102_porj_code_spring2020\restaurant\debug\order.obj
c:\users\k\documents\github\phase 2\cmp102_porj_code_spring2020\restaurant\debug\cook.obj
c:\users\k\documents\github\phase 2\cmp102_porj_code_spring2020\restaurant\debug\promotionevent.obj
c:\users\k\documents\github\phase 2\cmp102_porj_code_spring2020\restaurant\debug\gui.obj
c:\users\k\documents\github\phase 2\cmp102_porj_code_spring2020\restaurant\debug\arrivalevent.obj
c:\users\k\documents\github\phase 2\cmp102_porj_code_spring2020\restaurant\debug\event.obj
c:\users\k\documents\github\phase 2\cmp102_porj_code_spring2020\restaurant\debug\demo_main.obj
c:\users\k\documents\github\phase 2\cmp102_porj_code_spring2020\restaurant\debug\windowinput.obj
c:\users\k\documents\github\phase 2\cmp102_porj_code_spring2020\restaurant\debug\mousequeue.obj
c:\users\k\documents\github\phase 2\cmp102_porj_code_spring2020\restaurant\debug\keyqueue.obj
c:\users\k\documents\github\phase 2\cmp102_porj_code_spring2020\restaurant\debug\image.obj
c:\users\k\documents\github\phase 2\cmp102_porj_code_spring2020\restaurant\debug\colors.obj
c:\users\k\documents\github\phase 2\cmp102_porj_code_spring2020\restaurant\debug\cmugraphics.obj
c:\users\k\documents\github\phase 2\cmp102_porj_code_spring2020\restaurant\debug\cancellation_event.obj
c:\users\k\documents\github\phase 2\cmp102_porj_code_spring2020\restaurant\debug\jerror.obj
c:\users\k\documents\github\phase 2\cmp102_porj_code_spring2020\restaurant\debug\jdtrans.obj
c:\users\k\documents\github\phase 2\cmp102_porj_code_spring2020\restaurant\debug\jdsample.obj
c:\users\k\documents\github\phase 2\cmp102_porj_code_spring2020\restaurant\debug\jdpostct.obj
c:\users\k\documents\github\phase 2\cmp102_porj_code_spring2020\restaurant\debug\jdphuff.obj
c:\users\k\documents\github\phase 2\cmp102_porj_code_spring2020\restaurant\debug\jdmerge.obj
c:\users\k\documents\github\phase 2\cmp102_porj_code_spring2020\restaurant\debug\jdmaster.obj
c:\users\k\documents\github\phase 2\cmp102_porj_code_spring2020\restaurant\debug\jdmarker.obj
c:\users\k\documents\github\phase 2\cmp102_porj_code_spring2020\restaurant\debug\jdmainct.obj
c:\users\k\documents\github\phase 2\cmp102_porj_code_spring2020\restaurant\debug\jdinput.obj
c:\users\k\documents\github\phase 2\cmp102_porj_code_spring2020\restaurant\debug\jdhuff.obj
c:\users\k\documents\github\phase 2\cmp102_porj_code_spring2020\restaurant\debug\jddctmgr.obj
c:\users\k\documents\github\phase 2\cmp102_porj_code_spring2020\restaurant\debug\jdcolor.obj
c:\users\k\documents\github\phase 2\cmp102_porj_code_spring2020\restaurant\debug\jdcoefct.obj
c:\users\k\documents\github\phase 2\cmp102_porj_code_spring2020\restaurant\debug\jdatasrc.obj
c:\users\k\documents\github\phase 2\cmp102_porj_code_spring2020\restaurant\debug\jdapistd.obj
c:\users\k\documents\github\phase 2\cmp102_porj_code_spring2020\restaurant\debug\jdapimin.obj
c:\users\k\documents\github\phase 2\cmp102_porj_code_spring2020\restaurant\debug\jcparam.obj
c:\users\k\documents\github\phase 2\cmp102_porj_code_spring2020\restaurant\debug\jcomapi.obj
c:\users\k\documents\github\phase 2\cmp102_porj_code_spring2020\restaurant\debug\jpegload.obj
c:\users\k\documents\github\phase 2\cmp102_porj_code_spring2020\restaurant\debug\jutils.obj
c:\users\k\documents\github\phase 2\cmp102_porj_code_spring2020\restaurant\debug\jquant2.obj
c:\users\k\documents\github\phase 2\cmp102_porj_code_spring2020\restaurant\debug\jquant1.obj
c:\users\k\documents\github\phase 2\cmp102_porj_code_spring2020\restaurant\debug\jmemnobs.obj
c:\users\k\documents\github\phase 2\cmp102_porj_code_spring2020\restaurant\debug\jmemmgr.obj
c:\users\k\documents\github\phase 2\cmp102_porj_code_spring2020\restaurant\debug\jidctred.obj
c:\users\k\documents\github\phase 2\cmp102_porj_code_spring2020\restaurant\debug\jidctint.obj
c:\users\k\documents\github\phase 2\cmp102_porj_code_spring2020\restaurant\debug\jidctfst.obj
c:\users\k\documents\github\phase 2\cmp102_porj_code_spring2020\restaurant\debug\jidctflt.obj
c:\users\k\desktop\inshallah very finall data projecttttt\cmp102_porj_code_spring2020\debug\restaurant.ilk
c:\users\k\desktop\inshallah very finall data projecttttt\cmp102_porj_code_spring2020\debug\restaurant.exe
c:\users\k\desktop\inshallah very finall data projecttttt\cmp102_porj_code_spring2020\debug\restaurant.pdb
c:\users\k\documents\github\phase 2\cmp102_porj_code_spring2020\debug\restaurant.exe
c:\users\k\documents\github\phase 2\cmp102_porj_code_spring2020\debug\restaurant.ilk
c:\users\k\documents\github\phase 2\cmp102_porj_code_spring2020\debug\restaurant.pdb
c:\users\k\documents\github\phase 2\cmp102_porj_code_spring2020\restaurant\debug\restaurant.vcxprojresolveassemblyreference.cache
c:\users\k\documents\github\phase 2\cmp102_porj_code_spring2020\restaurant\debug\restaurant.ilk
c:\users\k\documents\github\phase 2\cmp102_porj_code_spring2020\restaurant\debug\cl.command.1.tlog
c:\users\k\documents\github\phase 2\cmp102_porj_code_spring2020\restaurant\debug\cl.read.1.tlog
c:\users\k\documents\github\phase 2\cmp102_porj_code_spring2020\restaurant\debug\cl.write.1.tlog
c:\users\k\documents\github\phase 2\cmp102_porj_code_spring2020\restaurant\debug\link-cvtres.read.1.tlog
c:\users\k\documents\github\phase 2\cmp102_porj_code_spring2020\restaurant\debug\link-cvtres.write.1.tlog
c:\users\k\documents\github\phase 2\cmp102_porj_code_spring2020\restaurant\debug\link-rc.read.1.tlog
c:\users\k\documents\github\phase 2\cmp102_porj_code_spring2020\restaurant\debug\link-rc.write.1.tlog
c:\users\k\documents\github\phase 2\cmp102_porj_code_spring2020\restaurant\debug\link.10460-cvtres.read.1.tlog
c:\users\k\documents\github\phase 2\cmp102_porj_code_spring2020\restaurant\debug\link.10460-cvtres.write.1.tlog
c:\users\k\documents\github\phase 2\cmp102_porj_code_spring2020\restaurant\debug\link.10460-rc.read.1.tlog
c:\users\k\documents\github\phase 2\cmp102_porj_code_spring2020\restaurant\debug\link.10460-rc.write.1.tlog
c:\users\k\documents\github\phase 2\cmp102_porj_code_spring2020\restaurant\debug\link.10460.read.1.tlog
c:\users\k\documents\github\phase 2\cmp102_porj_code_spring2020\restaurant\debug\link.10460.write.1.tlog
c:\users\k\documents\github\phase 2\cmp102_porj_code_spring2020\restaurant\debug\link.10528.read.1.tlog
c:\users\k\documents\github\phase 2\cmp102_porj_code_spring2020\restaurant\debug\link.10528.write.1.tlog
c:\users\k\documents\github\phase 2\cmp102_porj_code_spring2020\restaurant\debug\link.11088.read.1.tlog
c:\users\k\documents\github\phase 2\cmp102_porj_code_spring2020\restaurant\debug\link.11088.write.1.tlog
c:\users\k\documents\github\phase 2\cmp102_porj_code_spring2020\restaurant\debug\link.11236.read.1.tlog
c:\users\k\documents\github\phase 2\cmp102_porj_code_spring2020\restaurant\debug\link.11236.write.1.tlog
c:\users\k\documents\github\phase 2\cmp102_porj_code_spring2020\restaurant\debug\link.1660-cvtres.read.1.tlog
c:\users\k\documents\github\phase 2\cmp102_porj_code_spring2020\restaurant\debug\link.1660-cvtres.write.1.tlog
c:\users\k\documents\github\phase 2\cmp102_porj_code_spring2020\restaurant\debug\link.1660-rc.read.1.tlog
c:\users\k\documents\github\phase 2\cmp102_porj_code_spring2020\restaurant\debug\link.1660-rc.write.1.tlog
c:\users\k\documents\github\phase 2\cmp102_porj_code_spring2020\restaurant\debug\link.1660.read.1.tlog
c:\users\k\documents\github\phase 2\cmp102_porj_code_spring2020\restaurant\debug\link.1660.write.1.tlog
c:\users\k\documents\github\phase 2\cmp102_porj_code_spring2020\restaurant\debug\link.5152-cvtres.read.1.tlog
c:\users\k\documents\github\phase 2\cmp102_porj_code_spring2020\restaurant\debug\link.5152-cvtres.write.1.tlog
c:\users\k\documents\github\phase 2\cmp102_porj_code_spring2020\restaurant\debug\link.5152.read.1.tlog
c:\users\k\documents\github\phase 2\cmp102_porj_code_spring2020\restaurant\debug\link.5152.write.1.tlog
c:\users\k\documents\github\phase 2\cmp102_porj_code_spring2020\restaurant\debug\link.6528-cvtres.read.1.tlog
c:\users\k\documents\github\phase 2\cmp102_porj_code_spring2020\restaurant\debug\link.6528-cvtres.write.1.tlog
c:\users\k\documents\github\phase 2\cmp102_porj_code_spring2020\restaurant\debug\link.6528.read.1.tlog
c:\users\k\documents\github\phase 2\cmp102_porj_code_spring2020\restaurant\debug\link.6528.write.1.tlog
c:\users\k\documents\github\phase 2\cmp102_porj_code_spring2020\restaurant\debug\link.6760.read.1.tlog
c:\users\k\documents\github\phase 2\cmp102_porj_code_spring2020\restaurant\debug\link.6760.write.1.tlog
c:\users\k\documents\github\phase 2\cmp102_porj_code_spring2020\restaurant\debug\link.command.1.tlog
c:\users\k\documents\github\phase 2\cmp102_porj_code_spring2020\restaurant\debug\link.read.1.tlog
c:\users\k\documents\github\phase 2\cmp102_porj_code_spring2020\restaurant\debug\link.write.1.tlog
c:\users\k\documents\github\phase 2\cmp102_porj_code_spring2020\restaurant\debug\mt.command.1.tlog
c:\users\k\documents\github\phase 2\cmp102_porj_code_spring2020\restaurant\debug\mt.read.1.tlog
c:\users\k\documents\github\phase 2\cmp102_porj_code_spring2020\restaurant\debug\mt.write.1.tlog
c:\users\k\documents\github\phase 2\cmp102_porj_code_spring2020\restaurant\debug\rc.command.1.tlog
c:\users\k\documents\github\phase 2\cmp102_porj_code_spring2020\restaurant\debug\rc.read.1.tlog
c:\users\k\documents\github\phase 2\cmp102_porj_code_spring2020\restaurant\debug\rc.write.1.tlog
c:\users\k\documents\github\phase 2\cmp102_porj_code_spring2020\restaurant\debug\restaurant.write.1.tlog
c:\users\k\documents\github\phase 2\cmp102_porj_code_spring2020\restaurant\debug\restaurant.exe.embed.manifest
c:\users\k\documents\github\phase 2\cmp102_porj_code_spring2020\restaurant\debug\restaurant.exe.intermediate.manifest
c:\users\k\documents\github\phase 2\cmp102_porj_code_spring2020\restaurant\debug\restaurant.exe.embed.manifest.res
c:\users\k\documents\github\phase 2\cmp102_porj_code_spring2020\restaurant\debug\vc100.idb
c:\users\k\documents\github\phase 2\cmp102_porj_code_spring2020\restaurant\debug\vc110.idb
c:\users\k\documents\github\phase 2\cmp102_porj_code_spring2020\restaurant\debug\vc100.pdb
c:\users\k\documents\github\phase 2\cmp102_porj_code_spring2020\restaurant\debug\vc110.pdb
c:\users\k\documents\github\phase 2\cmp102_porj_code_spring2020\restaurant\debug\restaurant_manifest.rc
c:\users\k\documents\github\phase 2\cmp102_porj_code_spring2020\restaurant\debug\restaurant.tlog\cl.command.1.tlog
c:\users\k\documents\github\phase 2\cmp102_porj_code_spring2020\restaurant\debug\restaurant.tlog\cl.read.1.tlog
c:\users\k\documents\github\phase 2\cmp102_porj_code_spring2020\restaurant\debug\restaurant.tlog\cl.write.1.tlog
c:\users\k\documents\github\phase 2\cmp102_porj_code_spring2020\restaurant\debug\restaurant.tlog\link.10268.delete.1.tlog
c:\users\k\documents\github\phase 2\cmp102_porj_code_spring2020\restaurant\debug\restaurant.tlog\link.10976.delete.1.tlog
c:\users\k\documents\github\phase 2\cmp102_porj_code_spring2020\restaurant\debug\restaurant.tlog\link.13664.delete.1.tlog
c:\users\k\documents\github\phase 2\cmp102_porj_code_spring2020\restaurant\debug\restaurant.tlog\link.13800.delete.1.tlog
c:\users\k\documents\github\phase 2\cmp102_porj_code_spring2020\restaurant\debug\restaurant.tlog\link.14968.delete.1.tlog
c:\users\k\documents\github\phase 2\cmp102_porj_code_spring2020\restaurant\debug\restaurant.tlog\link.15812.delete.1.tlog
c:\users\k\documents\github\phase 2\cmp102_porj_code_spring2020\restaurant\debug\restaurant.tlog\link.1584.delete.1.tlog
c:\users\k\documents\github\phase 2\cmp102_porj_code_spring2020\restaurant\debug\restaurant.tlog\link.16140.delete.1.tlog
c:\users\k\documents\github\phase 2\cmp102_porj_code_spring2020\restaurant\debug\restaurant.tlog\link.command.1.tlog
c:\users\k\documents\github\phase 2\cmp102_porj_code_spring2020\restaurant\debug\restaurant.tlog\link.delete.1.tlog
c:\users\k\documents\github\phase 2\cmp102_porj_code_spring2020\restaurant\debug\restaurant.tlog\link.read.1.tlog
c:\users\k\documents\github\phase 2\cmp102_porj_code_spring2020\restaurant\debug\restaurant.tlog\link.write.1.tlog
