  Cancellation_event.cpp
  CMUgraphics.cpp
C:\Users\mega\Documents\GitHub\CMP102_Porj_code_Spring2020\Restaurant\CMUgraphicsLib\CMUgraphics.cpp(751,1): warning C4996: 'strcpy': This function or variable may be unsafe. Consider using strcpy_s instead. To disable deprecation, use _CRT_SECURE_NO_WARNINGS. See online help for details.
C:\Program Files (x86)\Windows Kits\10\Include\10.0.18362.0\ucrt\string.h(133): message : see declaration of 'strcpy'
C:\Users\mega\Documents\GitHub\CMP102_Porj_code_Spring2020\Restaurant\CMUgraphicsLib\CMUgraphics.cpp(1164,1): warning C4996: 'sprintf': This function or variable may be unsafe. Consider using sprintf_s instead. To disable deprecation, use _CRT_SECURE_NO_WARNINGS. See online help for details.
C:\Program Files (x86)\Windows Kits\10\Include\10.0.18362.0\ucrt\stdio.h(1774): message : see declaration of 'sprintf'
C:\Users\mega\Documents\GitHub\CMP102_Porj_code_Spring2020\Restaurant\CMUgraphicsLib\CMUgraphics.cpp(1171,1): warning C4996: 'sprintf': This function or variable may be unsafe. Consider using sprintf_s instead. To disable deprecation, use _CRT_SECURE_NO_WARNINGS. See online help for details.
C:\Program Files (x86)\Windows Kits\10\Include\10.0.18362.0\ucrt\stdio.h(1774): message : see declaration of 'sprintf'
C:\Users\mega\Documents\GitHub\CMP102_Porj_code_Spring2020\Restaurant\CMUgraphicsLib\CMUgraphics.cpp(1202,1): warning C4996: 'sprintf': This function or variable may be unsafe. Consider using sprintf_s instead. To disable deprecation, use _CRT_SECURE_NO_WARNINGS. See online help for details.
C:\Program Files (x86)\Windows Kits\10\Include\10.0.18362.0\ucrt\stdio.h(1774): message : see declaration of 'sprintf'
C:\Users\mega\Documents\GitHub\CMP102_Porj_code_Spring2020\Restaurant\CMUgraphicsLib\CMUgraphics.cpp(1210,1): warning C4996: 'sprintf': This function or variable may be unsafe. Consider using sprintf_s instead. To disable deprecation, use _CRT_SECURE_NO_WARNINGS. See online help for details.
C:\Program Files (x86)\Windows Kits\10\Include\10.0.18362.0\ucrt\stdio.h(1774): message : see declaration of 'sprintf'
C:\Users\mega\Documents\GitHub\CMP102_Porj_code_Spring2020\Restaurant\CMUgraphicsLib\CMUgraphics.cpp(1357,23): warning C4018: '>': signed/unsigned mismatch
  colors.cpp
  image.cpp
C:\Users\mega\Documents\GitHub\CMP102_Porj_code_Spring2020\Restaurant\CMUgraphicsLib\image.cpp(115,29): warning C4018: '<': signed/unsigned mismatch
  keyqueue.cpp
  mousequeue.cpp
  windowinput.cpp
  Demo_Main.cpp
  Event.cpp
  ArrivalEvent.cpp
C:\Users\mega\Documents\GitHub\CMP102_Porj_code_Spring2020\Restaurant\Events\ArrivalEvent.cpp(32,18): warning C4244: 'argument': conversion from 'double' to 'int', possible loss of data
  GUI.cpp
  PromotionEvent.cpp
  Cook.cpp
  Order.cpp
C:\Users\mega\Documents\GitHub\CMP102_Porj_code_Spring2020\Restaurant\Rest\Order.cpp(64,9): warning C4244: 'return': conversion from 'double' to 'int', possible loss of data
C:\Users\mega\Documents\GitHub\CMP102_Porj_code_Spring2020\Restaurant\Rest\Order.cpp(100,33): warning C4244: '=': conversion from 'double' to 'int', possible loss of data
C:\Users\mega\Documents\GitHub\CMP102_Porj_code_Spring2020\Restaurant\Rest\Order.cpp(131,25): warning C4244: '+=': conversion from 'double' to 'int', possible loss of data
  Restaurant.cpp
C:\Users\mega\Documents\GitHub\CMP102_Porj_code_Spring2020\Restaurant\Rest\Restaurant.cpp(314,40): warning C4244: 'argument': conversion from 'int' to 'float', possible loss of data
C:\Users\mega\Documents\GitHub\CMP102_Porj_code_Spring2020\Restaurant\Rest\Restaurant.cpp(345,12): warning C4244: 'argument': conversion from 'time_t' to 'unsigned int', possible loss of data
C:\Users\mega\Documents\GitHub\CMP102_Porj_code_Spring2020\Restaurant\Rest\Restaurant.cpp(399,1): warning C4996: 'itoa': The POSIX name for this item is deprecated. Instead, use the ISO C and C++ conformant name: _itoa. See online help for details.
C:\Program Files (x86)\Windows Kits\10\Include\10.0.18362.0\ucrt\stdlib.h(1323): message : see declaration of 'itoa'
C:\Users\mega\Documents\GitHub\CMP102_Porj_code_Spring2020\Restaurant\Rest\Restaurant.cpp(588,36): warning C4244: 'argument': conversion from 'int' to 'float', possible loss of data
  Generating Code...
C:\Users\mega\Documents\GitHub\CMP102_Porj_code_Spring2020\Restaurant\Rest\Restaurant.cpp(326): warning C4715: 'Restaurant::Getordertype': not all control paths return a value
C:\Users\mega\Documents\GitHub\CMP102_Porj_code_Spring2020\Restaurant\Generic_DS\Queue.h(203): warning C4715: 'Queue<Order *>::dequeueWithOrderID': not all control paths return a value
  jpegload.c
C:\Users\mega\Documents\GitHub\CMP102_Porj_code_Spring2020\Restaurant\CMUgraphicsLib\jpegload.c(23,1): warning C4996: 'fopen': This function or variable may be unsafe. Consider using fopen_s instead. To disable deprecation, use _CRT_SECURE_NO_WARNINGS. See online help for details.
C:\Program Files (x86)\Windows Kits\10\Include\10.0.18362.0\ucrt\stdio.h(208): message : see declaration of 'fopen'
  jcomapi.c
  jcparam.c
  jdapimin.c
  jdapistd.c
  jdatasrc.c
  jdcoefct.c
  jdcolor.c
  jddctmgr.c
  jdhuff.c
  jdinput.c
  jdmainct.c
  jdmarker.c
  jdmaster.c
  jdmerge.c
  jdphuff.c
  jdpostct.c
  jdsample.c
  jdtrans.c
  jerror.c
C:\Users\mega\Documents\GitHub\CMP102_Porj_code_Spring2020\Restaurant\CMUgraphicsLib\jpeg\jerror.c(169,1): warning C4996: 'sprintf': This function or variable may be unsafe. Consider using sprintf_s instead. To disable deprecation, use _CRT_SECURE_NO_WARNINGS. See online help for details.
C:\Program Files (x86)\Windows Kits\10\Include\10.0.18362.0\ucrt\stdio.h(1774): message : see declaration of 'sprintf'
C:\Users\mega\Documents\GitHub\CMP102_Porj_code_Spring2020\Restaurant\CMUgraphicsLib\jpeg\jerror.c(171,1): warning C4996: 'sprintf': This function or variable may be unsafe. Consider using sprintf_s instead. To disable deprecation, use _CRT_SECURE_NO_WARNINGS. See online help for details.
C:\Program Files (x86)\Windows Kits\10\Include\10.0.18362.0\ucrt\stdio.h(1774): message : see declaration of 'sprintf'
  Generating Code...
  Compiling...
  jidctflt.c
  jidctfst.c
  jidctint.c
  jidctred.c
  jmemmgr.c
C:\Users\mega\Documents\GitHub\CMP102_Porj_code_Spring2020\Restaurant\CMUgraphicsLib\jpeg\jmemmgr.c(1103,1): warning C4996: 'getenv': This function or variable may be unsafe. Consider using _dupenv_s instead. To disable deprecation, use _CRT_SECURE_NO_WARNINGS. See online help for details.
C:\Program Files (x86)\Windows Kits\10\Include\10.0.18362.0\ucrt\stdlib.h(1191): message : see declaration of 'getenv'
C:\Users\mega\Documents\GitHub\CMP102_Porj_code_Spring2020\Restaurant\CMUgraphicsLib\jpeg\jmemmgr.c(1106,1): warning C4996: 'sscanf': This function or variable may be unsafe. Consider using sscanf_s instead. To disable deprecation, use _CRT_SECURE_NO_WARNINGS. See online help for details.
C:\Program Files (x86)\Windows Kits\10\Include\10.0.18362.0\ucrt\stdio.h(2263): message : see declaration of 'sscanf'
  jmemnobs.c
  jquant1.c
  jquant2.c
  jutils.c
  Generating Code...
  Restaurant.vcxproj -> C:\Users\mega\Documents\GitHub\CMP102_Porj_code_Spring2020\Debug\Restaurant.exe
